<?xml version="1.0" encoding="UTF-8"?>
<coverage generated="1771507641076" clover="3.2.0">
  <project timestamp="1771507641076" name="All files">
    <metrics statements="49" coveredstatements="46" conditionals="22" coveredconditionals="20" methods="13" coveredmethods="13" elements="84" coveredelements="79" complexity="0" loc="49" ncloc="49" packages="1" files="3" classes="3"/>
    <file name="Counter.jsx" path="F:\front-end-test-app\src\components\Counter.jsx">
      <metrics statements="4" coveredstatements="4" conditionals="0" coveredconditionals="0" methods="3" coveredmethods="3"/>
      <line num="4" count="5" type="stmt"/>
      <line num="6" count="5" type="stmt"/>
      <line num="9" count="1" type="stmt"/>
      <line num="10" count="1" type="stmt"/>
    </file>
    <file name="RegisterForm.jsx" path="F:\front-end-test-app\src\components\RegisterForm.jsx">
      <metrics statements="30" coveredstatements="27" conditionals="20" coveredconditionals="18" methods="4" coveredmethods="4"/>
      <line num="5" count="12" type="stmt"/>
      <line num="10" count="12" type="stmt"/>
      <line num="12" count="12" type="stmt"/>
      <line num="13" count="3" type="stmt"/>
      <line num="14" count="3" type="cond" truecount="2" falsecount="0"/>
      <line num="15" count="1" type="stmt"/>
      <line num="17" count="3" type="cond" truecount="2" falsecount="0"/>
      <line num="18" count="1" type="stmt"/>
      <line num="19" count="2" type="cond" truecount="2" falsecount="0"/>
      <line num="20" count="1" type="stmt"/>
      <line num="22" count="3" type="cond" truecount="2" falsecount="0"/>
      <line num="23" count="1" type="stmt"/>
      <line num="24" count="2" type="cond" truecount="1" falsecount="1"/>
      <line num="25" count="0" type="stmt"/>
      <line num="27" count="3" type="stmt"/>
      <line num="30" count="12" type="stmt"/>
      <line num="31" count="6" type="stmt"/>
      <line num="32" count="6" type="stmt"/>
      <line num="38" count="12" type="stmt"/>
      <line num="39" count="3" type="stmt"/>
      <line num="40" count="3" type="stmt"/>
      <line num="41" count="3" type="cond" truecount="2" falsecount="0"/>
      <line num="42" count="1" type="stmt"/>
      <line num="43" count="1" type="stmt"/>
      <line num="47" count="1" type="cond" truecount="1" falsecount="1"/>
      <line num="49" count="1" type="stmt"/>
      <line num="52" count="0" type="stmt"/>
      <line num="53" count="0" type="stmt"/>
      <line num="56" count="2" type="stmt"/>
      <line num="60" count="12" type="stmt"/>
    </file>
    <file name="UserList.jsx" path="F:\front-end-test-app\src\components\UserList.jsx">
      <metrics statements="15" coveredstatements="15" conditionals="2" coveredconditionals="2" methods="6" coveredmethods="6"/>
      <line num="5" count="6" type="stmt"/>
      <line num="6" count="6" type="stmt"/>
      <line num="8" count="6" type="stmt"/>
      <line num="9" count="3" type="stmt"/>
      <line num="10" count="3" type="stmt"/>
      <line num="11" count="3" type="stmt"/>
      <line num="14" count="2" type="stmt"/>
      <line num="16" count="1" type="stmt"/>
      <line num="20" count="3" type="stmt"/>
      <line num="23" count="6" type="stmt"/>
      <line num="24" count="1" type="stmt"/>
      <line num="27" count="6" type="stmt"/>
      <line num="29" count="4" type="cond" truecount="2" falsecount="0"/>
      <line num="33" count="6" type="stmt"/>
      <line num="53" count="3" type="stmt"/>
    </file>
  </project>
</coverage>
